#
# A fatal error has been detected by the Java Runtime Environment:
#
#  EXCEPTION_ACCESS_VIOLATION (0xc0000005) at pc=0x0000000070c0220a, pid=10468, tid=0x00000000000017e4
#
# JRE version: Java(TM) SE Runtime Environment (8.0_201-b09) (build 1.8.0_201-b09)
# Java VM: Java HotSpot(TM) 64-Bit Server VM (25.201-b09 mixed mode windows-amd64 compressed oops)
# Problematic frame:
# V  [jvm.dll+0x13220a]
#
# Failed to write core dump. Minidumps are not enabled by default on client versions of Windows
#
# If you would like to submit a bug report, please visit:
#   http://bugreport.java.com/bugreport/crash.jsp
#

---------------  T H R E A D  ---------------

Current thread (0x000000001bda8800):  VMThread [stack: 0x000000001ce40000,0x000000001cf40000] [id=6116]

siginfo: ExceptionCode=0xc0000005, reading address 0x0000000000b200f8

Registers:
RAX=0x0000000000000001, RBX=0x00000007c0060028, RCX=0x0000000000b20000, RDX=0x00000007c0061c08
RSP=0x000000001cf3f6f0, RBP=0x00000007c0060028, RSI=0x000000001b8415e0, RDI=0x000000001b840870
R8 =0x000000000000000c, R9 =0x000000001b440058, R10=0x000000001b870580, R11=0x000000001cf3f6c8
R12=0x0000000000000001, R13=0x000000001b840880, R14=0x0000000000000000, R15=0x0000000000000000
RIP=0x0000000070c0220a, EFLAGS=0x0000000000010206

Top of Stack: (sp=0x000000001cf3f6f0)
0x000000001cf3f6f0:   0000000000000000 000000001b440088
0x000000001cf3f700:   0000001400000000 0000000000000000
0x000000001cf3f710:   000000001b840870 0000000070bdc796
0x000000001cf3f720:   0000000000000028 0000000000000005
0x000000001cf3f730:   000000001b8415e0 0000000070bfa650
0x000000001cf3f740:   0000000000000000 00000007c0060028
0x000000001cf3f750:   00000007c0060218 000000001bcb6780
0x000000001cf3f760:   00000000ffffffff 000000001bda8800
0x000000001cf3f770:   000000001bda8800 000000001b840870
0x000000001cf3f780:   000000001b870580 000000001be2c268
0x000000001cf3f790:   00000007c0060028 000000001bda8800
0x000000001cf3f7a0:   00000007c0061c08 0000000000000000
0x000000001cf3f7b0:   00000007c0060028 000000000000000c
0x000000001cf3f7c0:   0000000000000000 0000000070bdcc7b
0x000000001cf3f7d0:   00000007c0060028 0000000000000000
0x000000001cf3f7e0:   0000000000000001 0000000000000000 

Instructions: (pc=0x0000000070c0220a)
0x0000000070c021ea:   24 58 48 83 c4 30 41 5c c3 cc cc cc cc cc cc cc
0x0000000070c021fa:   cc cc cc cc cc cc 48 89 74 24 18 57 48 83 ec 20
0x0000000070c0220a:   83 b9 f8 00 00 00 00 48 8b f1 7f 04 33 ff eb 0f
0x0000000070c0221a:   48 81 c1 00 01 00 00 e8 da e6 ff ff 48 8b f8 48 


Register to memory mapping:

RAX=0x0000000000000001 is an unknown value
RBX=0x00000007c0060028 is pointing into metadata
RCX=0x0000000000b20000 is an unknown value
RDX=0x00000007c0061c08 is pointing into metadata
RSP=0x000000001cf3f6f0 is an unknown value
RBP=0x00000007c0060028 is pointing into metadata
RSI={method} {0x000000001b8415e8} 'main' '([Ljava/lang/String;)V' in 'org/resource/transacciones/Transacciones'
RDI=0x000000001b840870 is pointing into metadata
R8 =0x000000000000000c is an unknown value
R9 =0x000000001b440058 is pointing into metadata
R10={method} {0x000000001b870588} 'searchDefaultValue' '(Ljava/lang/String;)Ljava/lang/String;' in 'org/resource/transacciones/Transacciones'
R11=0x000000001cf3f6c8 is an unknown value
R12=0x0000000000000001 is an unknown value
R13=0x000000001b840880 is pointing into metadata
R14=0x0000000000000000 is an unknown value
R15=0x0000000000000000 is an unknown value


Stack: [0x000000001ce40000,0x000000001cf40000],  sp=0x000000001cf3f6f0,  free space=1021k
Native frames: (J=compiled Java code, j=interpreted, Vv=VM code, C=native code)
V  [jvm.dll+0x13220a]
V  [jvm.dll+0x10c796]
V  [jvm.dll+0x10cc7b]
V  [jvm.dll+0x1c8ef5]
V  [jvm.dll+0x1c920b]
V  [jvm.dll+0x24d407]
V  [jvm.dll+0x24c6a6]
V  [jvm.dll+0x24cb41]
V  [jvm.dll+0x24cd5e]
V  [jvm.dll+0x29fb6a]
C  [msvcr100.dll+0x21db7]
C  [msvcr100.dll+0x21e53]
C  [KERNEL32.DLL+0x14034]
C  [ntdll.dll+0x73691]

VM_Operation (0x000000001d88f0d0): RedefineClasses, mode: safepoint, requested by thread 0x000000001bdec000, redefining class org.resource.transacciones.Transacciones



---------------  P R O C E S S  ---------------

Java Threads: ( => current thread )
  0x000000001be3e800 JavaThread "Service Thread" daemon [_thread_blocked, id=10060, stack(0x000000001e190000,0x000000001e290000)]
  0x000000001be0f800 JavaThread "C1 CompilerThread2" daemon [_thread_blocked, id=12948, stack(0x000000001dc90000,0x000000001dd90000)]
  0x000000001be0c800 JavaThread "C2 CompilerThread1" daemon [_thread_blocked, id=3152, stack(0x000000001db90000,0x000000001dc90000)]
  0x000000001be09000 JavaThread "C2 CompilerThread0" daemon [_thread_blocked, id=13508, stack(0x000000001da90000,0x000000001db90000)]
  0x000000001bdfc000 JavaThread "JDWP Command Reader" daemon [_thread_in_native, id=14140, stack(0x000000001d990000,0x000000001da90000)]
  0x000000001bdfa800 JavaThread "JDWP Event Helper Thread" daemon [_thread_blocked, id=13928, stack(0x000000001d890000,0x000000001d990000)]
  0x000000001bdec000 JavaThread "JDWP Transport Listener: dt_socket" daemon [_thread_blocked, id=11628, stack(0x000000001d790000,0x000000001d890000)]
  0x000000001bddd800 JavaThread "Attach Listener" daemon [_thread_blocked, id=6948, stack(0x000000001d350000,0x000000001d450000)]
  0x000000001bde9800 JavaThread "Signal Dispatcher" daemon [_thread_blocked, id=12800, stack(0x000000001d250000,0x000000001d350000)]
  0x000000001bdca000 JavaThread "Finalizer" daemon [_thread_blocked, id=5196, stack(0x000000001d040000,0x000000001d140000)]
  0x00000000028a3800 JavaThread "Reference Handler" daemon [_thread_blocked, id=14148, stack(0x000000001cf40000,0x000000001d040000)]
  0x00000000027b4000 JavaThread "main" [_thread_blocked, id=8612, stack(0x00000000025e0000,0x00000000026e0000)]

Other Threads:
=>0x000000001bda8800 VMThread [stack: 0x000000001ce40000,0x000000001cf40000] [id=6116]
  0x000000001ddf6800 WatcherThread [stack: 0x000000001e290000,0x000000001e390000] [id=1936]

VM state:at safepoint (normal execution)

VM Mutex/Monitor currently owned by a thread:  ([mutex/lock_event])
[0x00000000027b1950] Threads_lock - owner thread: 0x000000001bda8800

heap address: 0x00000006c2c00000, size: 4052 MB, Compressed Oops mode: Zero based, Oop shift amount: 3
Narrow klass base: 0x0000000000000000, Narrow klass shift: 3
Compressed class space size: 1073741824 Address: 0x00000007c0000000

Heap:
 PSYoungGen      total 75776K, used 3901K [0x000000076b980000, 0x0000000770e00000, 0x00000007c0000000)
  eden space 65024K, 6% used [0x000000076b980000,0x000000076bd4f5f8,0x000000076f900000)
  from space 10752K, 0% used [0x0000000770380000,0x0000000770380000,0x0000000770e00000)
  to   space 10752K, 0% used [0x000000076f900000,0x000000076f900000,0x0000000770380000)
 ParOldGen       total 173568K, used 0K [0x00000006c2c00000, 0x00000006cd580000, 0x000000076b980000)
  object space 173568K, 0% used [0x00000006c2c00000,0x00000006c2c00000,0x00000006cd580000)
 Metaspace       used 2841K, capacity 4696K, committed 4864K, reserved 1056768K
  class space    used 297K, capacity 392K, committed 512K, reserved 1048576K

Card table byte_map: [0x0000000011c70000,0x0000000012460000] byte_map_base: 0x000000000e65a000

Marking Bits: (ParMarkBitMap*) 0x00000000712f4ce0
 Begin Bits: [0x0000000012db0000, 0x0000000016d00000)
 End Bits:   [0x0000000016d00000, 0x000000001ac50000)

Polling page: 0x00000000008f0000

CodeCache: size=245760Kb used=1115Kb max_used=1115Kb free=244644Kb
 bounds [0x00000000028b0000, 0x0000000002b20000, 0x00000000118b0000]
 total_blobs=258 nmethods=35 adapters=145
 compilation: enabled

Compilation events (10 events):
Event: 0.230 Thread 0x000000001be0f800   31       3       java.lang.AbstractStringBuilder::<init> (12 bytes)
Event: 0.231 Thread 0x000000001be0f800 nmethod 31 0x00000000029c5e10 code [0x00000000029c5f80, 0x00000000029c61d0]
Event: 0.231 Thread 0x000000001be0f800   32       3       java.io.File::isInvalid (47 bytes)
Event: 0.231 Thread 0x000000001be0f800 nmethod 32 0x00000000029c6290 code [0x00000000029c6400, 0x00000000029c6848]
Event: 0.231 Thread 0x000000001be0f800   33       1       java.nio.Buffer::position (5 bytes)
Event: 0.231 Thread 0x000000001be0f800 nmethod 33 0x00000000029c6950 code [0x00000000029c6aa0, 0x00000000029c6bb0]
Event: 0.232 Thread 0x000000001be0f800   34       1       java.net.URL::getProtocol (5 bytes)
Event: 0.232 Thread 0x000000001be0f800 nmethod 34 0x00000000029c6c10 code [0x00000000029c6d60, 0x00000000029c6e70]
Event: 0.232 Thread 0x000000001be0f800   35       1       java.io.File::getPath (5 bytes)
Event: 0.232 Thread 0x000000001be0f800 nmethod 35 0x00000000029c6ed0 code [0x00000000029c7020, 0x00000000029c7130]

GC Heap History (0 events):
No events

Deoptimization events (0 events):
No events

Classes redefined (10 events):
Event: 1523.334 Thread 0x000000001bda8800 redefined class name=org.resource.transacciones.Transacciones, count=4
Event: 1566.532 Thread 0x000000001bda8800 redefined class name=org.resource.transacciones.Transacciones, count=5
Event: 1800.748 Thread 0x000000001bda8800 redefined class name=org.resource.transacciones.Transacciones, count=6
Event: 2423.249 Thread 0x000000001bda8800 redefined class name=org.resource.transacciones.Transacciones, count=7
Event: 2724.559 Thread 0x000000001bda8800 redefined class name=org.resource.transacciones.Transacciones, count=8
Event: 5621.461 Thread 0x000000001bda8800 redefined class name=org.resource.transacciones.Transacciones, count=9
Event: 8333.727 Thread 0x000000001bda8800 redefined class name=org.resource.transacciones.Transacciones, count=10
Event: 65184.592 Thread 0x000000001bda8800 redefined class name=org.resource.transacciones.Transacciones, count=11
Event: 65523.573 Thread 0x000000001bda8800 redefined class name=org.resource.transacciones.Transacciones, count=12
Event: 65551.497 Thread 0x000000001bda8800 redefined class name=org.resource.transacciones.Transacciones, count=13

Internal exceptions (2 events):
Event: 0.031 Thread 0x00000000027b4000 Exception <a 'java/lang/NoSuchMethodError': Method sun.misc.Unsafe.defineClass(Ljava/lang/String;[BII)Ljava/lang/Class; name or signature does not match> (0x000000076b987cb0) thrown at [C:\re\workspace\8-2-build-windows-amd64-cygwin\jdk8u201\12322\hotspot
Event: 0.031 Thread 0x00000000027b4000 Exception <a 'java/lang/NoSuchMethodError': Method sun.misc.Unsafe.prefetchRead(Ljava/lang/Object;J)V name or signature does not match> (0x000000076b987f98) thrown at [C:\re\workspace\8-2-build-windows-amd64-cygwin\jdk8u201\12322\hotspot\src\share\vm\prim

Events (10 events):
Event: 65523.602 Executing VM operation: GetCurrentContendedMonitor done
Event: 65551.497 Executing VM operation: RedefineClasses
Event: 65551.497 Executing VM operation: RedefineClasses done
Event: 65551.529 Executing VM operation: ChangeBreakpoints
Event: 65551.529 Executing VM operation: ChangeBreakpoints done
Event: 65551.595 Executing VM operation: GetOwnedMonitorInfo
Event: 65551.595 Executing VM operation: GetOwnedMonitorInfo done
Event: 65551.595 Executing VM operation: GetCurrentContendedMonitor
Event: 65551.595 Executing VM operation: GetCurrentContendedMonitor done
Event: 65565.699 Executing VM operation: RedefineClasses


Dynamic libraries:
0x00007ff7f8660000 - 0x00007ff7f8697000 	C:\Program Files\Java\jre1.8.0_201\bin\javaw.exe
0x00007ff89d320000 - 0x00007ff89d501000 	C:\WINDOWS\SYSTEM32\ntdll.dll
0x00007ff89c020000 - 0x00007ff89c0d1000 	C:\WINDOWS\System32\KERNEL32.DLL
0x00007ff899840000 - 0x00007ff899ab3000 	C:\WINDOWS\System32\KERNELBASE.dll
0x00007ff89aa40000 - 0x00007ff89aae1000 	C:\WINDOWS\System32\ADVAPI32.dll
0x00007ff89c880000 - 0x00007ff89c91e000 	C:\WINDOWS\System32\msvcrt.dll
0x00007ff89c2b0000 - 0x00007ff89c30b000 	C:\WINDOWS\System32\sechost.dll
0x00007ff89c6b0000 - 0x00007ff89c7d4000 	C:\WINDOWS\System32\RPCRT4.dll
0x00007ff89c380000 - 0x00007ff89c510000 	C:\WINDOWS\System32\USER32.dll
0x00007ff899d90000 - 0x00007ff899db0000 	C:\WINDOWS\System32\win32u.dll
0x00007ff89aa10000 - 0x00007ff89aa38000 	C:\WINDOWS\System32\GDI32.dll
0x00007ff899db0000 - 0x00007ff899f42000 	C:\WINDOWS\System32\gdi32full.dll
0x00007ff8997a0000 - 0x00007ff89983f000 	C:\WINDOWS\System32\msvcp_win.dll
0x00007ff89a6b0000 - 0x00007ff89a7a8000 	C:\WINDOWS\System32\ucrtbase.dll
0x00007ff88dfb0000 - 0x00007ff88e219000 	C:\WINDOWS\WinSxS\amd64_microsoft.windows.common-controls_6595b64144ccf1df_6.0.17134.765_none_fb42a1a930655896\COMCTL32.dll
0x00007ff89cfb0000 - 0x00007ff89d2d2000 	C:\WINDOWS\System32\combase.dll
0x00007ff899b20000 - 0x00007ff899b9a000 	C:\WINDOWS\System32\bcryptPrimitives.dll
0x00007ff89c920000 - 0x00007ff89c94d000 	C:\WINDOWS\System32\IMM32.DLL
0x00000000709d0000 - 0x0000000070aa1000 	C:\Program Files\Java\jre1.8.0_201\bin\msvcr100.dll
0x0000000070ad0000 - 0x0000000071374000 	C:\Program Files\Java\jre1.8.0_201\bin\server\jvm.dll
0x00007ff89cef0000 - 0x00007ff89cef8000 	C:\WINDOWS\System32\PSAPI.DLL
0x00007ff889250000 - 0x00007ff889259000 	C:\WINDOWS\SYSTEM32\WSOCK32.dll
0x00007ff88e8e0000 - 0x00007ff88e8ea000 	C:\WINDOWS\SYSTEM32\VERSION.dll
0x00007ff89c310000 - 0x00007ff89c37c000 	C:\WINDOWS\System32\WS2_32.dll
0x00007ff893a00000 - 0x00007ff893a23000 	C:\WINDOWS\SYSTEM32\WINMM.dll
0x00007ff8938e0000 - 0x00007ff89390a000 	C:\WINDOWS\SYSTEM32\WINMMBASE.dll
0x00007ff899f50000 - 0x00007ff899f99000 	C:\WINDOWS\System32\cfgmgr32.dll
0x00007ff8885d0000 - 0x00007ff8885df000 	C:\Program Files\Java\jre1.8.0_201\bin\verify.dll
0x00007ff87ceb0000 - 0x00007ff87ced9000 	C:\Program Files\Java\jre1.8.0_201\bin\java.dll
0x00007ff86b4d0000 - 0x00007ff86b505000 	C:\Program Files\Java\jre1.8.0_201\bin\jdwp.dll
0x00007ff888670000 - 0x00007ff888678000 	C:\Program Files\Java\jre1.8.0_201\bin\npt.dll
0x00007ff876430000 - 0x00007ff876446000 	C:\Program Files\Java\jre1.8.0_201\bin\zip.dll
0x00007ff89aaf0000 - 0x00007ff89bf30000 	C:\WINDOWS\System32\SHELL32.dll
0x00007ff89cf00000 - 0x00007ff89cfa9000 	C:\WINDOWS\System32\shcore.dll
0x00007ff899fa0000 - 0x00007ff89a6ad000 	C:\WINDOWS\System32\windows.storage.dll
0x00007ff89a7b0000 - 0x00007ff89a801000 	C:\WINDOWS\System32\shlwapi.dll
0x00007ff899680000 - 0x00007ff899691000 	C:\WINDOWS\System32\kernel.appcore.dll
0x00007ff8996a0000 - 0x00007ff8996bf000 	C:\WINDOWS\System32\profapi.dll
0x00007ff899630000 - 0x00007ff89967c000 	C:\WINDOWS\System32\powrprof.dll
0x00007ff8996e0000 - 0x00007ff8996ea000 	C:\WINDOWS\System32\FLTLIB.DLL
0x00007ff886350000 - 0x00007ff886359000 	C:\Program Files\Java\jre1.8.0_201\bin\dt_socket.dll
0x00007ff8863b0000 - 0x00007ff8863c6000 	C:\WINDOWS\system32\napinsp.dll
0x00007ff886390000 - 0x00007ff8863aa000 	C:\WINDOWS\system32\pnrpnsp.dll
0x00007ff893b80000 - 0x00007ff893b99000 	C:\WINDOWS\system32\NLAapi.dll
0x00007ff898e50000 - 0x00007ff898eb6000 	C:\WINDOWS\System32\mswsock.dll
0x00007ff898c10000 - 0x00007ff898cce000 	C:\WINDOWS\SYSTEM32\DNSAPI.dll
0x00007ff89d2e0000 - 0x00007ff89d2e8000 	C:\WINDOWS\System32\NSI.dll
0x00007ff898bd0000 - 0x00007ff898c08000 	C:\WINDOWS\SYSTEM32\IPHLPAPI.DLL
0x00007ff886380000 - 0x00007ff88638e000 	C:\WINDOWS\System32\winrnr.dll
0x00007ff886360000 - 0x00007ff886375000 	C:\WINDOWS\System32\wshbth.dll
0x00007ff893680000 - 0x00007ff8936f2000 	C:\WINDOWS\System32\fwpuclnt.dll
0x00007ff899130000 - 0x00007ff899155000 	C:\WINDOWS\SYSTEM32\bcrypt.dll
0x00007ff88e820000 - 0x00007ff88e82a000 	C:\Windows\System32\rasadhlp.dll
0x00007ff898090000 - 0x00007ff898259000 	C:\WINDOWS\SYSTEM32\dbghelp.dll

VM Arguments:
jvm_args: -agentlib:jdwp=transport=dt_socket,suspend=y,address=localhost:6682 -Dfile.encoding=Cp1252 
java_command: org.resource.transacciones.Transacciones
java_class_path (initial): C:\Program Files\Java\jre1.8.0_201\lib\resources.jar;C:\Program Files\Java\jre1.8.0_201\lib\rt.jar;C:\Program Files\Java\jre1.8.0_201\lib\jsse.jar;C:\Program Files\Java\jre1.8.0_201\lib\jce.jar;C:\Program Files\Java\jre1.8.0_201\lib\charsets.jar;C:\Program Files\Java\jre1.8.0_201\lib\jfr.jar;C:\Program Files\Java\jre1.8.0_201\lib\ext\access-bridge-64.jar;C:\Program Files\Java\jre1.8.0_201\lib\ext\cldrdata.jar;C:\Program Files\Java\jre1.8.0_201\lib\ext\dnsns.jar;C:\Program Files\Java\jre1.8.0_201\lib\ext\jaccess.jar;C:\Program Files\Java\jre1.8.0_201\lib\ext\jfxrt.jar;C:\Program Files\Java\jre1.8.0_201\lib\ext\localedata.jar;C:\Program Files\Java\jre1.8.0_201\lib\ext\nashorn.jar;C:\Program Files\Java\jre1.8.0_201\lib\ext\sunec.jar;C:\Program Files\Java\jre1.8.0_201\lib\ext\sunjce_provider.jar;C:\Program Files\Java\jre1.8.0_201\lib\ext\sunmscapi.jar;C:\Program Files\Java\jre1.8.0_201\lib\ext\sunpkcs11.jar;C:\Program Files\Java\jre1.8.0_201\lib\ext\zipfs.jar;C:\SGP\ToolsTFC\target\classes;D:\apache-tomcat-9.0.10\lib\annotations-api.jar;D:\apache-tomcat-9.0.10\lib\catalina-ant.jar;D:\apache-tomcat-9.0.10\lib\catalina-ha.jar;D:\apache-tomcat-9.0.10\lib\catalina-storeconfig.jar;D:\apache-tomcat-9.0.10\lib\catalina-tribes.jar;D:\apache-tomcat-9.0.10\lib\catalina.jar;D:\apache-tomcat-9.0.10\lib\ecj-4.7.3a.jar;D:\apache-tomcat-9.0.10\lib\el-api.jar;D:\apache-tomcat-9.0.10\lib\jasper-el.jar;D:\apache-tomcat-9.0.10\lib\jasper.jar;D:\apache-tomcat-9.0.10\lib\jaspic-api.jar;D:\apache-tomcat-9.0.10\lib\jsp-api.jar;D:\apache-tomcat-9.0.10\lib\servlet-api.jar;D:\apache-tomcat-9.0.10\lib\tomcat-api.jar;D:\apache-tomcat-9.0.10\lib\tomcat-coyote.jar;D:\apache-tomcat-9.0.10\lib\tomcat-dbcp.jar;D:\apache-tomcat-9.0.10\lib\tomcat-i18n-es.jar;D:\apache-tomcat-9.0.10\lib\tomcat-i18n-fr.jar;D:\apache-tomcat-9.0.10\lib\tomcat-i18n-ja.jar;D:\apache-tomcat-9.0.10\lib\tomcat-jdbc.jar;D:\apache-tomcat-9.0.10\lib\tomcat-jni.jar;D:\apache-tomcat-9.0.10\lib\tomcat-util-
Launcher Type: SUN_STANDARD

Environment Variables:
PATH=C:/Program Files/Java/jre1.8.0_201/bin/server;C:/Program Files/Java/jre1.8.0_201/bin;C:/Program Files/Java/jre1.8.0_201/lib/amd64;C:\Program Files (x86)\Common Files\Oracle\Java\javapath;C:\oraclexe\app\oracle\product\11.2.0\server\bin;C:\ProgramData\Oracle\Java\javapath;C:\WINDOWS\system32;C:\WINDOWS;C:\WINDOWS\System32\Wbem;C:\WINDOWS\System32\WindowsPowerShell\v1.0\;C:\Program Files\dotnet\;C:\Program Files\Microsoft SQL Server\Client SDK\ODBC\130\Tools\Binn\;C:\Program Files (x86)\Microsoft SQL Server\140\Tools\Binn\;C:\Program Files\Microsoft SQL Server\140\Tools\Binn\;C:\Program Files\Microsoft SQL Server\140\DTS\Binn\;C:\Program Files (x86)\Microsoft SQL Server\Client SDK\ODBC\130\Tools\Binn\;C:\Program Files (x86)\Microsoft SQL Server\140\DTS\Binn\;C:\Program Files (x86)\Microsoft SQL Server\140\Tools\Binn\ManagementStudio\;C:\WINDOWS\System32\OpenSSH\;C:\Program Files\TortoiseSVN\bin;C:\Program Files\Microsoft VS Code\bin;C:\PostgreSQL\pg10\bin;C:\Program Files (x86)\Windows Kits\8.1\Windows Performance Toolkit\;C:\Program Files\Microsoft SQL Server\110\Tools\Binn\;C:\Program Files\Git\cmd;C:\Program Files\nodejs\;C:\Program Files\DevelopmentSuite\kompose;C:\Users\Usuario\.minishift\cache\oc\v3.7.14\windows;C:\Program Files\DevelopmentSuite\cdk\bin;C:\Program Files\DevelopmentSuite\cygwin\bin;C:\Users\Usuario\AppData\Local\Microsoft\WindowsApps;C:\Users\Usuario\AppData\Local\Microsoft\WindowsApps;C:\Users\Usuario\AppData\Roaming\npm;C:\Users\Usuario\AppData\Local\atom\bin;D:\Software\spring\sts-bundle\sts-3.9.0.RELEASE;
USERNAME=Usuario
OS=Windows_NT
PROCESSOR_IDENTIFIER=Intel64 Family 6 Model 142 Stepping 9, GenuineIntel



---------------  S Y S T E M  ---------------

OS: Windows 10.0 , 64 bit Build 17134 (10.0.17134.753)

CPU:total 4 (initial active 4) (2 cores per cpu, 2 threads per core) family 6 model 142 stepping 9, cmov, cx8, fxsr, mmx, sse, sse2, sse3, ssse3, sse4.1, sse4.2, popcnt, avx, avx2, aes, clmul, erms, 3dnowpref, lzcnt, ht, tsc, tscinvbit, bmi1, bmi2, adx

Memory: 4k page, physical 16591192k(9252604k free), swap 19081560k(7924208k free)

vm_info: Java HotSpot(TM) 64-Bit Server VM (25.201-b09) for windows-amd64 JRE (1.8.0_201-b09), built on Dec 15 2018 18:36:39 by "java_re" with MS VC++ 10.0 (VS2010)

time: Tue Jun 04 10:28:38 2019
timezone: Hora est. Sudamérica Pacífico
elapsed time: 65566 seconds (0d 18h 12m 46s)

